# JRE version: Java(TM) SE Runtime Environment (8.0_121-b13) (build 1.8.0_121-b13)
# Java VM: Java HotSpot(TM) 64-Bit Server VM (25.121-b13 mixed mode linux-amd64 compressed oops)
Heap:
 PSYoungGen      total 134656K, used 10218K [0x00000000ebf80000, 0x00000000f4e80000, 0x0000000100000000)
  eden space 124416K, 0% used [0x00000000ebf80000,0x00000000ebf80000,0x00000000f3900000)
  from space 10240K, 99% used [0x00000000f3900000,0x00000000f42fa9d8,0x00000000f4300000)
  to   space 8704K, 0% used [0x00000000f4300000,0x00000000f4300000,0x00000000f4b80000)
 ParOldGen       total 42496K, used 12921K [0x00000000c3e00000, 0x00000000c6780000, 0x00000000ebf80000)
  object space 42496K, 30% used [0x00000000c3e00000,0x00000000c4a9e420,0x00000000c6780000)
 Metaspace       used 19633K, capacity 19800K, committed 20096K, reserved 1067008K
  class space    used 1833K, capacity 1901K, committed 1920K, reserved 1048576K
GC Heap History (10 events):
Event: 3,400 GC heap after
Heap after GC invocations=4 (full 0):
 PSYoungGen      total 34304K, used 2542K [0x00000000ebf80000, 0x00000000ee380000, 0x0000000100000000)
  eden space 31744K, 0% used [0x00000000ebf80000,0x00000000ebf80000,0x00000000ede80000)
  from space 2560K, 99% used [0x00000000ee100000,0x00000000ee37bab8,0x00000000ee380000)
  to   space 2560K, 0% used [0x00000000ede80000,0x00000000ede80000,0x00000000ee100000)
 ParOldGen       total 42496K, used 3501K [0x00000000c3e00000, 0x00000000c6780000, 0x00000000ebf80000)
  object space 42496K, 8% used [0x00000000c3e00000,0x00000000c416b660,0x00000000c6780000)
 Metaspace       used 13183K, capacity 13301K, committed 13568K, reserved 1060864K
  class space    used 1451K, capacity 1514K, committed 1536K, reserved 1048576K
}
Event: 3,973 GC heap before
{Heap before GC invocations=5 (full 0):
 PSYoungGen      total 34304K, used 34286K [0x00000000ebf80000, 0x00000000ee380000, 0x0000000100000000)
  eden space 31744K, 100% used [0x00000000ebf80000,0x00000000ede80000,0x00000000ede80000)
  from space 2560K, 99% used [0x00000000ee100000,0x00000000ee37bab8,0x00000000ee380000)
  to   space 2560K, 0% used [0x00000000ede80000,0x00000000ede80000,0x00000000ee100000)
 ParOldGen       total 42496K, used 3501K [0x00000000c3e00000, 0x00000000c6780000, 0x00000000ebf80000)
  object space 42496K, 8% used [0x00000000c3e00000,0x00000000c416b660,0x00000000c6780000)
 Metaspace       used 13208K, capacity 13365K, committed 13568K, reserved 1060864K
  class space    used 1451K, capacity 1514K, committed 1536K, reserved 1048576K
Event: 4,051 GC heap after
Heap after GC invocations=5 (full 0):
 PSYoungGen      total 34304K, used 2548K [0x00000000ebf80000, 0x00000000f0b80000, 0x0000000100000000)
  eden space 31744K, 0% used [0x00000000ebf80000,0x00000000ebf80000,0x00000000ede80000)
  from space 2560K, 99% used [0x00000000ede80000,0x00000000ee0fd268,0x00000000ee100000)
  to   space 7168K, 0% used [0x00000000f0480000,0x00000000f0480000,0x00000000f0b80000)
 ParOldGen       total 42496K, used 7069K [0x00000000c3e00000, 0x00000000c6780000, 0x00000000ebf80000)
  object space 42496K, 16% used [0x00000000c3e00000,0x00000000c44e7720,0x00000000c6780000)
 Metaspace       used 13208K, capacity 13365K, committed 13568K, reserved 1060864K
  class space    used 1451K, capacity 1514K, committed 1536K, reserved 1048576K
}
Event: 4,476 GC heap before
{Heap before GC invocations=6 (full 0):
 PSYoungGen      total 34304K, used 34292K [0x00000000ebf80000, 0x00000000f0b80000, 0x0000000100000000)
  eden space 31744K, 100% used [0x00000000ebf80000,0x00000000ede80000,0x00000000ede80000)
  from space 2560K, 99% used [0x00000000ede80000,0x00000000ee0fd268,0x00000000ee100000)
  to   space 7168K, 0% used [0x00000000f0480000,0x00000000f0480000,0x00000000f0b80000)
 ParOldGen       total 42496K, used 7069K [0x00000000c3e00000, 0x00000000c6780000, 0x00000000ebf80000)
  object space 42496K, 16% used [0x00000000c3e00000,0x00000000c44e7720,0x00000000c6780000)
 Metaspace       used 13211K, capacity 13365K, committed 13568K, reserved 1060864K
  class space    used 1451K, capacity 1514K, committed 1536K, reserved 1048576K
Event: 4,495 GC heap after
Heap after GC invocations=6 (full 0):
 PSYoungGen      total 70144K, used 5332K [0x00000000ebf80000, 0x00000000f0c80000, 0x0000000100000000)
  eden space 62976K, 0% used [0x00000000ebf80000,0x00000000ebf80000,0x00000000efd00000)
  from space 7168K, 74% used [0x00000000f0480000,0x00000000f09b51f0,0x00000000f0b80000)
  to   space 7680K, 0% used [0x00000000efd00000,0x00000000efd00000,0x00000000f0480000)
 ParOldGen       total 42496K, used 7069K [0x00000000c3e00000, 0x00000000c6780000, 0x00000000ebf80000)
  object space 42496K, 16% used [0x00000000c3e00000,0x00000000c44e7720,0x00000000c6780000)
 Metaspace       used 13211K, capacity 13365K, committed 13568K, reserved 1060864K
  class space    used 1451K, capacity 1514K, committed 1536K, reserved 1048576K
}
Event: 5,563 GC heap before
{Heap before GC invocations=7 (full 0):
 PSYoungGen      total 70144K, used 68308K [0x00000000ebf80000, 0x00000000f0c80000, 0x0000000100000000)
  eden space 62976K, 100% used [0x00000000ebf80000,0x00000000efd00000,0x00000000efd00000)
  from space 7168K, 74% used [0x00000000f0480000,0x00000000f09b51f0,0x00000000f0b80000)
  to   space 7680K, 0% used [0x00000000efd00000,0x00000000efd00000,0x00000000f0480000)
 ParOldGen       total 42496K, used 7069K [0x00000000c3e00000, 0x00000000c6780000, 0x00000000ebf80000)
  object space 42496K, 16% used [0x00000000c3e00000,0x00000000c44e7720,0x00000000c6780000)
 Metaspace       used 14478K, capacity 14593K, committed 14720K, reserved 1062912K
  class space    used 1583K, capacity 1644K, committed 1664K, reserved 1048576K
Event: 5,589 GC heap after
Heap after GC invocations=7 (full 0):
 PSYoungGen      total 70656K, used 7044K [0x00000000ebf80000, 0x00000000f4b80000, 0x0000000100000000)
  eden space 62976K, 0% used [0x00000000ebf80000,0x00000000ebf80000,0x00000000efd00000)
  from space 7680K, 91% used [0x00000000efd00000,0x00000000f03e13d0,0x00000000f0480000)
  to   space 8704K, 0% used [0x00000000f4300000,0x00000000f4300000,0x00000000f4b80000)
 ParOldGen       total 42496K, used 8504K [0x00000000c3e00000, 0x00000000c6780000, 0x00000000ebf80000)
  object space 42496K, 20% used [0x00000000c3e00000,0x00000000c464e170,0x00000000c6780000)
 Metaspace       used 14478K, capacity 14593K, committed 14720K, reserved 1062912K
  class space    used 1583K, capacity 1644K, committed 1664K, reserved 1048576K
}
Event: 6,177 GC heap before
{Heap before GC invocations=8 (full 0):
 PSYoungGen      total 70656K, used 70020K [0x00000000ebf80000, 0x00000000f4b80000, 0x0000000100000000)
  eden space 62976K, 100% used [0x00000000ebf80000,0x00000000efd00000,0x00000000efd00000)
  from space 7680K, 91% used [0x00000000efd00000,0x00000000f03e13d0,0x00000000f0480000)
  to   space 8704K, 0% used [0x00000000f4300000,0x00000000f4300000,0x00000000f4b80000)
 ParOldGen       total 42496K, used 8504K [0x00000000c3e00000, 0x00000000c6780000, 0x00000000ebf80000)
  object space 42496K, 20% used [0x00000000c3e00000,0x00000000c464e170,0x00000000c6780000)
 Metaspace       used 14994K, capacity 15169K, committed 15360K, reserved 1062912K
  class space    used 1647K, capacity 1708K, committed 1792K, reserved 1048576K
Event: 6,214 GC heap after
Heap after GC invocations=8 (full 0):
 PSYoungGen      total 133120K, used 8695K [0x00000000ebf80000, 0x00000000f4e80000, 0x0000000100000000)
  eden space 124416K, 0% used [0x00000000ebf80000,0x00000000ebf80000,0x00000000f3900000)
  from space 8704K, 99% used [0x00000000f4300000,0x00000000f4b7de08,0x00000000f4b80000)
  to   space 10240K, 0% used [0x00000000f3900000,0x00000000f3900000,0x00000000f4300000)
 ParOldGen       total 42496K, used 9625K [0x00000000c3e00000, 0x00000000c6780000, 0x00000000ebf80000)
  object space 42496K, 22% used [0x00000000c3e00000,0x00000000c4766420,0x00000000c6780000)
 Metaspace       used 14994K, capacity 15169K, committed 15360K, reserved 1062912K
  class space    used 1647K, capacity 1708K, committed 1792K, reserved 1048576K
}
Event: 17,153 GC heap before
{Heap before GC invocations=9 (full 0):
 PSYoungGen      total 133120K, used 133111K [0x00000000ebf80000, 0x00000000f4e80000, 0x0000000100000000)
  eden space 124416K, 100% used [0x00000000ebf80000,0x00000000f3900000,0x00000000f3900000)
  from space 8704K, 99% used [0x00000000f4300000,0x00000000f4b7de08,0x00000000f4b80000)
  to   space 10240K, 0% used [0x00000000f3900000,0x00000000f3900000,0x00000000f4300000)
 ParOldGen       total 42496K, used 9625K [0x00000000c3e00000, 0x00000000c6780000, 0x00000000ebf80000)
  object space 42496K, 22% used [0x00000000c3e00000,0x00000000c4766420,0x00000000c6780000)
 Metaspace       used 19633K, capacity 19800K, committed 20096K, reserved 1067008K
  class space    used 1833K, capacity 1901K, committed 1920K, reserved 1048576K

