# JRE version: Java(TM) SE Runtime Environment (8.0_121-b13) (build 1.8.0_121-b13)
# Java VM: Java HotSpot(TM) 64-Bit Server VM (25.121-b13 mixed mode linux-amd64 compressed oops)
Heap:
 PSYoungGen      total 134656K, used 10209K [0x00000000ebf80000, 0x00000000f4e80000, 0x0000000100000000)
  eden space 124416K, 0% used [0x00000000ebf80000,0x00000000ebf80000,0x00000000f3900000)
  from space 10240K, 99% used [0x00000000f3900000,0x00000000f42f84e8,0x00000000f4300000)
  to   space 8704K, 0% used [0x00000000f4300000,0x00000000f4300000,0x00000000f4b80000)
 ParOldGen       total 42496K, used 12848K [0x00000000c3e00000, 0x00000000c6780000, 0x00000000ebf80000)
  object space 42496K, 30% used [0x00000000c3e00000,0x00000000c4a8c170,0x00000000c6780000)
 Metaspace       used 19675K, capacity 19864K, committed 20096K, reserved 1067008K
  class space    used 1833K, capacity 1901K, committed 1920K, reserved 1048576K
GC Heap History (10 events):
Event: 3,707 GC heap after
Heap after GC invocations=4 (full 0):
 PSYoungGen      total 34304K, used 2549K [0x00000000ebf80000, 0x00000000ee380000, 0x0000000100000000)
  eden space 31744K, 0% used [0x00000000ebf80000,0x00000000ebf80000,0x00000000ede80000)
  from space 2560K, 99% used [0x00000000ee100000,0x00000000ee37d6f8,0x00000000ee380000)
  to   space 2560K, 0% used [0x00000000ede80000,0x00000000ede80000,0x00000000ee100000)
 ParOldGen       total 42496K, used 3510K [0x00000000c3e00000, 0x00000000c6780000, 0x00000000ebf80000)
  object space 42496K, 8% used [0x00000000c3e00000,0x00000000c416d890,0x00000000c6780000)
 Metaspace       used 13232K, capacity 13365K, committed 13568K, reserved 1060864K
  class space    used 1451K, capacity 1514K, committed 1536K, reserved 1048576K
}
Event: 4,453 GC heap before
{Heap before GC invocations=5 (full 0):
 PSYoungGen      total 34304K, used 34293K [0x00000000ebf80000, 0x00000000ee380000, 0x0000000100000000)
  eden space 31744K, 100% used [0x00000000ebf80000,0x00000000ede80000,0x00000000ede80000)
  from space 2560K, 99% used [0x00000000ee100000,0x00000000ee37d6f8,0x00000000ee380000)
  to   space 2560K, 0% used [0x00000000ede80000,0x00000000ede80000,0x00000000ee100000)
 ParOldGen       total 42496K, used 3510K [0x00000000c3e00000, 0x00000000c6780000, 0x00000000ebf80000)
  object space 42496K, 8% used [0x00000000c3e00000,0x00000000c416d890,0x00000000c6780000)
 Metaspace       used 13252K, capacity 13429K, committed 13568K, reserved 1060864K
  class space    used 1451K, capacity 1514K, committed 1536K, reserved 1048576K
Event: 4,485 GC heap after
Heap after GC invocations=5 (full 0):
 PSYoungGen      total 34304K, used 2533K [0x00000000ebf80000, 0x00000000f0b80000, 0x0000000100000000)
  eden space 31744K, 0% used [0x00000000ebf80000,0x00000000ebf80000,0x00000000ede80000)
  from space 2560K, 98% used [0x00000000ede80000,0x00000000ee0f9778,0x00000000ee100000)
  to   space 7168K, 0% used [0x00000000f0480000,0x00000000f0480000,0x00000000f0b80000)
 ParOldGen       total 42496K, used 7102K [0x00000000c3e00000, 0x00000000c6780000, 0x00000000ebf80000)
  object space 42496K, 16% used [0x00000000c3e00000,0x00000000c44ef870,0x00000000c6780000)
 Metaspace       used 13252K, capacity 13429K, committed 13568K, reserved 1060864K
  class space    used 1451K, capacity 1514K, committed 1536K, reserved 1048576K
}
Event: 4,877 GC heap before
{Heap before GC invocations=6 (full 0):
 PSYoungGen      total 34304K, used 34277K [0x00000000ebf80000, 0x00000000f0b80000, 0x0000000100000000)
  eden space 31744K, 100% used [0x00000000ebf80000,0x00000000ede80000,0x00000000ede80000)
  from space 2560K, 98% used [0x00000000ede80000,0x00000000ee0f9778,0x00000000ee100000)
  to   space 7168K, 0% used [0x00000000f0480000,0x00000000f0480000,0x00000000f0b80000)
 ParOldGen       total 42496K, used 7102K [0x00000000c3e00000, 0x00000000c6780000, 0x00000000ebf80000)
  object space 42496K, 16% used [0x00000000c3e00000,0x00000000c44ef870,0x00000000c6780000)
 Metaspace       used 13255K, capacity 13429K, committed 13568K, reserved 1060864K
  class space    used 1451K, capacity 1514K, committed 1536K, reserved 1048576K
Event: 4,896 GC heap after
Heap after GC invocations=6 (full 0):
 PSYoungGen      total 70144K, used 5304K [0x00000000ebf80000, 0x00000000f0c80000, 0x0000000100000000)
  eden space 62976K, 0% used [0x00000000ebf80000,0x00000000ebf80000,0x00000000efd00000)
  from space 7168K, 73% used [0x00000000f0480000,0x00000000f09ae038,0x00000000f0b80000)
  to   space 7680K, 0% used [0x00000000efd00000,0x00000000efd00000,0x00000000f0480000)
 ParOldGen       total 42496K, used 7110K [0x00000000c3e00000, 0x00000000c6780000, 0x00000000ebf80000)
  object space 42496K, 16% used [0x00000000c3e00000,0x00000000c44f1870,0x00000000c6780000)
 Metaspace       used 13255K, capacity 13429K, committed 13568K, reserved 1060864K
  class space    used 1451K, capacity 1514K, committed 1536K, reserved 1048576K
}
Event: 5,829 GC heap before
{Heap before GC invocations=7 (full 0):
 PSYoungGen      total 70144K, used 68280K [0x00000000ebf80000, 0x00000000f0c80000, 0x0000000100000000)
  eden space 62976K, 100% used [0x00000000ebf80000,0x00000000efd00000,0x00000000efd00000)
  from space 7168K, 73% used [0x00000000f0480000,0x00000000f09ae038,0x00000000f0b80000)
  to   space 7680K, 0% used [0x00000000efd00000,0x00000000efd00000,0x00000000f0480000)
 ParOldGen       total 42496K, used 7110K [0x00000000c3e00000, 0x00000000c6780000, 0x00000000ebf80000)
  object space 42496K, 16% used [0x00000000c3e00000,0x00000000c44f1870,0x00000000c6780000)
 Metaspace       used 14521K, capacity 14657K, committed 14720K, reserved 1062912K
  class space    used 1583K, capacity 1644K, committed 1664K, reserved 1048576K
Event: 5,872 GC heap after
Heap after GC invocations=7 (full 0):
 PSYoungGen      total 70656K, used 7037K [0x00000000ebf80000, 0x00000000f4b80000, 0x0000000100000000)
  eden space 62976K, 0% used [0x00000000ebf80000,0x00000000ebf80000,0x00000000efd00000)
  from space 7680K, 91% used [0x00000000efd00000,0x00000000f03df6c8,0x00000000f0480000)
  to   space 8704K, 0% used [0x00000000f4300000,0x00000000f4300000,0x00000000f4b80000)
 ParOldGen       total 42496K, used 8544K [0x00000000c3e00000, 0x00000000c6780000, 0x00000000ebf80000)
  object space 42496K, 20% used [0x00000000c3e00000,0x00000000c46582c0,0x00000000c6780000)
 Metaspace       used 14521K, capacity 14657K, committed 14720K, reserved 1062912K
  class space    used 1583K, capacity 1644K, committed 1664K, reserved 1048576K
}
Event: 6,521 GC heap before
{Heap before GC invocations=8 (full 0):
 PSYoungGen      total 70656K, used 70013K [0x00000000ebf80000, 0x00000000f4b80000, 0x0000000100000000)
  eden space 62976K, 100% used [0x00000000ebf80000,0x00000000efd00000,0x00000000efd00000)
  from space 7680K, 91% used [0x00000000efd00000,0x00000000f03df6c8,0x00000000f0480000)
  to   space 8704K, 0% used [0x00000000f4300000,0x00000000f4300000,0x00000000f4b80000)
 ParOldGen       total 42496K, used 8544K [0x00000000c3e00000, 0x00000000c6780000, 0x00000000ebf80000)
  object space 42496K, 20% used [0x00000000c3e00000,0x00000000c46582c0,0x00000000c6780000)
 Metaspace       used 15041K, capacity 15233K, committed 15360K, reserved 1062912K
  class space    used 1647K, capacity 1708K, committed 1792K, reserved 1048576K
Event: 6,546 GC heap after
Heap after GC invocations=8 (full 0):
 PSYoungGen      total 133120K, used 8679K [0x00000000ebf80000, 0x00000000f4e80000, 0x0000000100000000)
  eden space 124416K, 0% used [0x00000000ebf80000,0x00000000ebf80000,0x00000000f3900000)
  from space 8704K, 99% used [0x00000000f4300000,0x00000000f4b79cd0,0x00000000f4b80000)
  to   space 10240K, 0% used [0x00000000f3900000,0x00000000f3900000,0x00000000f4300000)
 ParOldGen       total 42496K, used 9680K [0x00000000c3e00000, 0x00000000c6780000, 0x00000000ebf80000)
  object space 42496K, 22% used [0x00000000c3e00000,0x00000000c4774170,0x00000000c6780000)
 Metaspace       used 15041K, capacity 15233K, committed 15360K, reserved 1062912K
  class space    used 1647K, capacity 1708K, committed 1792K, reserved 1048576K
}
Event: 17,863 GC heap before
{Heap before GC invocations=9 (full 0):
 PSYoungGen      total 133120K, used 133095K [0x00000000ebf80000, 0x00000000f4e80000, 0x0000000100000000)
  eden space 124416K, 100% used [0x00000000ebf80000,0x00000000f3900000,0x00000000f3900000)
  from space 8704K, 99% used [0x00000000f4300000,0x00000000f4b79cd0,0x00000000f4b80000)
  to   space 10240K, 0% used [0x00000000f3900000,0x00000000f3900000,0x00000000f4300000)
 ParOldGen       total 42496K, used 9680K [0x00000000c3e00000, 0x00000000c6780000, 0x00000000ebf80000)
  object space 42496K, 22% used [0x00000000c3e00000,0x00000000c4774170,0x00000000c6780000)
 Metaspace       used 19675K, capacity 19864K, committed 20096K, reserved 1067008K
  class space    used 1833K, capacity 1901K, committed 1920K, reserved 1048576K

